Traceback (most recent call last):
  File "/usr/local/Caskroom/miniconda/base/envs/kaggle/lib/python3.9/site-packages/jupyter_cache/executors/utils.py", line 51, in single_nb_execution
    executenb(
  File "/usr/local/Caskroom/miniconda/base/envs/kaggle/lib/python3.9/site-packages/nbclient/client.py", line 1117, in execute
    return NotebookClient(nb=nb, resources=resources, km=km, **kwargs).execute()
  File "/usr/local/Caskroom/miniconda/base/envs/kaggle/lib/python3.9/site-packages/nbclient/util.py", line 78, in wrapped
    return just_run(coro(*args, **kwargs))
  File "/usr/local/Caskroom/miniconda/base/envs/kaggle/lib/python3.9/site-packages/nbclient/util.py", line 57, in just_run
    return loop.run_until_complete(coro)
  File "/usr/local/Caskroom/miniconda/base/envs/kaggle/lib/python3.9/asyncio/base_events.py", line 642, in run_until_complete
    return future.result()
  File "/usr/local/Caskroom/miniconda/base/envs/kaggle/lib/python3.9/site-packages/nbclient/client.py", line 558, in async_execute
    await self.async_execute_cell(
  File "/usr/local/Caskroom/miniconda/base/envs/kaggle/lib/python3.9/site-packages/nbclient/client.py", line 862, in async_execute_cell
    self._check_raise_for_error(cell, exec_reply)
  File "/usr/local/Caskroom/miniconda/base/envs/kaggle/lib/python3.9/site-packages/nbclient/client.py", line 765, in _check_raise_for_error
    raise CellExecutionError.from_cell_and_msg(cell, exec_reply_content)
nbclient.exceptions.CellExecutionError: An error occurred while executing the following cell:
------------------
N = 20
study_duration = 12

func1 = stats.expon(scale=18)
func2 = stats.expon(scale=3)
func3 = stats.uniform()

actual_subs = np.array([[func1.rvs(), func2.rvs()][func3.rvs() < 0.5]
                        for i in range(N)])
observed_subs = np.minimum(actual_subs, study_duration)
observed = actual_subs < study_duration

_, ax = plt.subplots(figsize=(6, 4), dpi=100)

ax.vlines(12, 0, 30, lw=1.5, lss="--")
plot_lifetimes(observed_subs, event_observed=observed, ax=ax)
ax.set(xlim=(0, 24),
       xlabel='time',
       title='Subscription Times, at $t=12$ months')
plt.show()
------------------

[0;31m---------------------------------------------------------------------------[0m
[0;31mAttributeError[0m                            Traceback (most recent call last)
[0;32m/var/folders/93/795zm8c93m16_92qkk86t0_r0000gn/T/ipykernel_59517/2156339275.py[0m in [0;36m<module>[0;34m[0m
[1;32m     13[0m [0m_[0m[0;34m,[0m [0max[0m [0;34m=[0m [0mplt[0m[0;34m.[0m[0msubplots[0m[0;34m([0m[0mfigsize[0m[0;34m=[0m[0;34m([0m[0;36m6[0m[0;34m,[0m [0;36m4[0m[0;34m)[0m[0;34m,[0m [0mdpi[0m[0;34m=[0m[0;36m100[0m[0;34m)[0m[0;34m[0m[0;34m[0m[0m
[1;32m     14[0m [0;34m[0m[0m
[0;32m---> 15[0;31m [0max[0m[0;34m.[0m[0mvlines[0m[0;34m([0m[0;36m12[0m[0;34m,[0m [0;36m0[0m[0;34m,[0m [0;36m30[0m[0;34m,[0m [0mlw[0m[0;34m=[0m[0;36m1.5[0m[0;34m,[0m [0mlss[0m[0;34m=[0m[0;34m"--"[0m[0;34m)[0m[0;34m[0m[0;34m[0m[0m
[0m[1;32m     16[0m [0mplot_lifetimes[0m[0;34m([0m[0mobserved_subs[0m[0;34m,[0m [0mevent_observed[0m[0;34m=[0m[0mobserved[0m[0;34m,[0m [0max[0m[0;34m=[0m[0max[0m[0;34m)[0m[0;34m[0m[0;34m[0m[0m
[1;32m     17[0m ax.set(xlim=(0, 24),

[0;32m/usr/local/Caskroom/miniconda/base/envs/kaggle/lib/python3.9/site-packages/matplotlib/__init__.py[0m in [0;36minner[0;34m(ax, data, *args, **kwargs)[0m
[1;32m   1359[0m     [0;32mdef[0m [0minner[0m[0;34m([0m[0max[0m[0;34m,[0m [0;34m*[0m[0margs[0m[0;34m,[0m [0mdata[0m[0;34m=[0m[0;32mNone[0m[0;34m,[0m [0;34m**[0m[0mkwargs[0m[0;34m)[0m[0;34m:[0m[0;34m[0m[0;34m[0m[0m
[1;32m   1360[0m         [0;32mif[0m [0mdata[0m [0;32mis[0m [0;32mNone[0m[0;34m:[0m[0;34m[0m[0;34m[0m[0m
[0;32m-> 1361[0;31m             [0;32mreturn[0m [0mfunc[0m[0;34m([0m[0max[0m[0;34m,[0m [0;34m*[0m[0mmap[0m[0;34m([0m[0msanitize_sequence[0m[0;34m,[0m [0margs[0m[0;34m)[0m[0;34m,[0m [0;34m**[0m[0mkwargs[0m[0;34m)[0m[0;34m[0m[0;34m[0m[0m
[0m[1;32m   1362[0m [0;34m[0m[0m
[1;32m   1363[0m         [0mbound[0m [0;34m=[0m [0mnew_sig[0m[0;34m.[0m[0mbind[0m[0;34m([0m[0max[0m[0;34m,[0m [0;34m*[0m[0margs[0m[0;34m,[0m [0;34m**[0m[0mkwargs[0m[0;34m)[0m[0;34m[0m[0;34m[0m[0m

[0;32m/usr/local/Caskroom/miniconda/base/envs/kaggle/lib/python3.9/site-packages/matplotlib/axes/_axes.py[0m in [0;36mvlines[0;34m(self, x, ymin, ymax, colors, linestyles, label, **kwargs)[0m
[1;32m   1118[0m                                      linestyles=linestyles, label=label)
[1;32m   1119[0m         [0mself[0m[0;34m.[0m[0madd_collection[0m[0;34m([0m[0mlines[0m[0;34m,[0m [0mautolim[0m[0;34m=[0m[0;32mFalse[0m[0;34m)[0m[0;34m[0m[0;34m[0m[0m
[0;32m-> 1120[0;31m         [0mlines[0m[0;34m.[0m[0mupdate[0m[0;34m([0m[0mkwargs[0m[0;34m)[0m[0;34m[0m[0;34m[0m[0m
[0m[1;32m   1121[0m [0;34m[0m[0m
[1;32m   1122[0m         [0;32mif[0m [0mlen[0m[0;34m([0m[0mx[0m[0;34m)[0m [0;34m>[0m [0;36m0[0m[0;34m:[0m[0;34m[0m[0;34m[0m[0m

[0;32m/usr/local/Caskroom/miniconda/base/envs/kaggle/lib/python3.9/site-packages/matplotlib/artist.py[0m in [0;36mupdate[0;34m(self, props)[0m
[1;32m   1060[0m                     [0mfunc[0m [0;34m=[0m [0mgetattr[0m[0;34m([0m[0mself[0m[0;34m,[0m [0;34mf"set_{k}"[0m[0;34m,[0m [0;32mNone[0m[0;34m)[0m[0;34m[0m[0;34m[0m[0m
[1;32m   1061[0m                     [0;32mif[0m [0;32mnot[0m [0mcallable[0m[0;34m([0m[0mfunc[0m[0;34m)[0m[0;34m:[0m[0;34m[0m[0;34m[0m[0m
[0;32m-> 1062[0;31m                         raise AttributeError(f"{type(self).__name__!r} object "
[0m[1;32m   1063[0m                                              f"has no property {k!r}")
[1;32m   1064[0m                     [0mret[0m[0;34m.[0m[0mappend[0m[0;34m([0m[0mfunc[0m[0;34m([0m[0mv[0m[0;34m)[0m[0;34m)[0m[0;34m[0m[0;34m[0m[0m

[0;31mAttributeError[0m: 'LineCollection' object has no property 'lss'
AttributeError: 'LineCollection' object has no property 'lss'

